Build started 8/6/2012 2:58:56 PM.
     1>Project "c:\Users\mcrane\documents\visual studio 2010\Projects\snake\snake\snake.vcxproj" on node 2 (build target(s)).
     1>InitializeBuildStatus:
         Creating "Debug\snake.unsuccessfulbuild" because "AlwaysCreate" was specified.
       ClCompile:
         c:\Program Files (x86)\Microsoft Visual Studio 10.0\VC\bin\CL.exe /c /ZI /nologo /W3 /WX- /Od /Oy- /D _MBCS /Gm /EHsc /RTC1 /MD /GS /fp:precise /Zc:wchar_t /Zc:forScope /Fo"Debug\\" /Fd"Debug\vc100.pdb" /Gd /TP /analyze- /errorReport:prompt main.cpp
         main.cpp
     1>c:\users\mcrane\documents\visual studio 2010\projects\snake\snake\main.cpp(61): warning C4789: destination of memory copy is too small
       Link:
         c:\Program Files (x86)\Microsoft Visual Studio 10.0\VC\bin\link.exe /ERRORREPORT:PROMPT /OUT:"c:\users\mcrane\documents\visual studio 2010\Projects\snake\Debug\snake.exe" /NOLOGO sdl\lib\SDL.lib sdl\lib\SDLmain.lib kernel32.lib user32.lib gdi32.lib winspool.lib comdlg32.lib advapi32.lib shell32.lib ole32.lib oleaut32.lib uuid.lib odbc32.lib odbccp32.lib /MANIFEST /ManifestFile:"Debug\snake.exe.intermediate.manifest" /MANIFESTUAC:"level='asInvoker' uiAccess='false'" /DEBUG /PDB:"c:\users\mcrane\documents\visual studio 2010\Projects\snake\Debug\snake.pdb" /SUBSYSTEM:WINDOWS /TLBID:1 /DYNAMICBASE /NXCOMPAT /IMPLIB:"c:\users\mcrane\documents\visual studio 2010\Projects\snake\Debug\snake.lib" /MACHINE:X86 Debug\main.obj
         Debug\Snake.obj
         Debug\Tile.obj
         LINK : c:\users\mcrane\documents\visual studio 2010\Projects\snake\Debug\snake.exe not found or not built by the last incremental link; performing full link
         snake.vcxproj -> c:\users\mcrane\documents\visual studio 2010\Projects\snake\Debug\snake.exe
       Manifest:
         C:\Program Files (x86)\Microsoft SDKs\Windows\v7.0A\bin\mt.exe /nologo /verbose /outputresource:"c:\users\mcrane\documents\visual studio 2010\Projects\snake\Debug\snake.exe;#1" /manifest Debug\snake.exe.intermediate.manifest
       FinalizeBuildStatus:
         Deleting file "Debug\snake.unsuccessfulbuild".
         Touching "Debug\snake.lastbuildstate".
     1>Done Building Project "c:\Users\mcrane\documents\visual studio 2010\Projects\snake\snake\snake.vcxproj" (build target(s)).

Build succeeded.

Time Elapsed 00:00:00.30
